\BOOKMARK [0][-]{chapter*.4}{Liste des figures}{}% 1
\BOOKMARK [0][-]{chapter*.6}{Liste des tableaux}{}% 2
\BOOKMARK [0][-]{chapter.1}{cloud computing}{}% 3
\BOOKMARK [1][-]{section.1.1}{introduction}{chapter.1}% 4
\BOOKMARK [1][-]{section.1.2}{Concepts et technologies \340 l'origine du \253 Cloud Computing \273 :}{chapter.1}% 5
\BOOKMARK [2][-]{subsection.1.2.1}{L'informatique utilitaire de John McCarthy :}{section.1.2}% 6
\BOOKMARK [2][-]{subsection.1.2.2}{Le concept de \253 grille informatique \273 :}{section.1.2}% 7
\BOOKMARK [2][-]{subsection.1.2.3}{Le concept de \253 ferme de serveurs \273 :}{section.1.2}% 8
\BOOKMARK [2][-]{subsection.1.2.4}{Les fournisseurs de services d'application :}{section.1.2}% 9
\BOOKMARK [2][-]{subsection.1.2.5}{La virtualisation :}{section.1.2}% 10
\BOOKMARK [1][-]{section.1.3}{D\351finition }{chapter.1}% 11
\BOOKMARK [1][-]{section.1.4}{L'\351volution de Cloud computing:}{chapter.1}% 12
\BOOKMARK [1][-]{section.1.5}{Les caract\351ristiques essentielles de cloud computing :}{chapter.1}% 13
\BOOKMARK [2][-]{subsection.1.5.1}{Self-service \340 la demande :}{section.1.5}% 14
\BOOKMARK [2][-]{subsection.1.5.2}{Elasticit\351 et rapidit\351 :}{section.1.5}% 15
\BOOKMARK [2][-]{subsection.1.5.3}{Acc\350s aux ressources :}{section.1.5}% 16
\BOOKMARK [2][-]{subsection.1.5.4}{Allocation des ressources :}{section.1.5}% 17
\BOOKMARK [2][-]{subsection.1.5.5}{Mesure du service :}{section.1.5}% 18
\BOOKMARK [1][-]{section.1.6}{Taxonomie du cloud computing }{chapter.1}% 19
\BOOKMARK [2][-]{subsection.1.6.1}{ raison de d\351veloppement :}{section.1.6}% 20
\BOOKMARK [2][-]{subsection.1.6.2}{Le modele de services:}{section.1.6}% 21
\BOOKMARK [2][-]{subsection.1.6.3}{L'accessibilit\351 :}{section.1.6}% 22
\BOOKMARK [1][-]{section.1.7}{providers cloud computing }{chapter.1}% 23
\BOOKMARK [2][-]{subsection.1.7.1}{Amazon :}{section.1.7}% 24
\BOOKMARK [2][-]{subsection.1.7.2}{Salesforce :}{section.1.7}% 25
\BOOKMARK [2][-]{subsection.1.7.3}{Google AppEngine :}{section.1.7}% 26
\BOOKMARK [2][-]{subsection.1.7.4}{Windows Azure :}{section.1.7}% 27
\BOOKMARK [1][-]{section.1.8}{Conclusion : }{chapter.1}% 28
\BOOKMARK [0][-]{chapter.2}{D\351ploiement d'applications}{}% 29
\BOOKMARK [1][-]{section.2.1}{Introduction}{chapter.2}% 30
\BOOKMARK [1][-]{section.2.2}{D\351finition du d\351ploiement }{chapter.2}% 31
\BOOKMARK [2][-]{subsection.2.2.1}{D\351finition de C. Szyperski}{section.2.2}% 32
\BOOKMARK [2][-]{subsection.2.2.2}{D\351finition de l'Object Management Group}{section.2.2}% 33
\BOOKMARK [2][-]{subsection.2.2.3}{D\351finition de Alan Dearle}{section.2.2}% 34
\BOOKMARK [1][-]{section.2.3}{Travaux connexes}{chapter.2}% 35
\BOOKMARK [2][-]{subsection.2.3.1}{Les approches de d\351ploiement}{section.2.3}% 36
\BOOKMARK [1][-]{section.2.4}{Outils et frameworks de d\351ploiement}{chapter.2}% 37
\BOOKMARK [1][-]{section.2.5}{Conclusion : }{chapter.2}% 38
\BOOKMARK [0][-]{chapter*.7}{Conclusion g\351n\351rale}{}% 39
\BOOKMARK [0][-]{chapter*.8}{Bibliographie}{}% 40
